C:\WORK\UNIVERSITY\FOURTH YEAR DESIGN PROJECT\CODE WORKSPACE\NARCS_CONTROL\DEBUG\NARCS_CONTROL.EXE
C:\WORK\UNIVERSITY\FOURTH YEAR DESIGN PROJECT\CODE WORKSPACE\NARCS_CONTROL\DEBUG\NARCS_CONTROL.ILK
C:\WORK\UNIVERSITY\FOURTH YEAR DESIGN PROJECT\CODE WORKSPACE\NARCS_CONTROL\DEBUG\NARCS_CONTROL.PDB
C:\Work\University\Fourth Year Design Project\Code Workspace\NARCS_Control\NARCS_Control\Debug\cl.command.1.tlog
C:\Work\University\Fourth Year Design Project\Code Workspace\NARCS_Control\NARCS_Control\Debug\CL.read.1.tlog
C:\Work\University\Fourth Year Design Project\Code Workspace\NARCS_Control\NARCS_Control\Debug\CL.write.1.tlog
C:\WORK\UNIVERSITY\FOURTH YEAR DESIGN PROJECT\CODE WORKSPACE\NARCS_CONTROL\NARCS_CONTROL\DEBUG\IMU.OBJ
C:\Work\University\Fourth Year Design Project\Code Workspace\NARCS_Control\NARCS_Control\Debug\link.1248.read.1.tlog
C:\Work\University\Fourth Year Design Project\Code Workspace\NARCS_Control\NARCS_Control\Debug\link.1248.write.1.tlog
C:\Work\University\Fourth Year Design Project\Code Workspace\NARCS_Control\NARCS_Control\Debug\link.1248-cvtres.read.1.tlog
C:\Work\University\Fourth Year Design Project\Code Workspace\NARCS_Control\NARCS_Control\Debug\link.1248-cvtres.write.1.tlog
C:\Work\University\Fourth Year Design Project\Code Workspace\NARCS_Control\NARCS_Control\Debug\link.3196.read.1.tlog
C:\Work\University\Fourth Year Design Project\Code Workspace\NARCS_Control\NARCS_Control\Debug\link.3196.write.1.tlog
C:\Work\University\Fourth Year Design Project\Code Workspace\NARCS_Control\NARCS_Control\Debug\link.3196-cvtres.read.1.tlog
C:\Work\University\Fourth Year Design Project\Code Workspace\NARCS_Control\NARCS_Control\Debug\link.3196-cvtres.write.1.tlog
C:\Work\University\Fourth Year Design Project\Code Workspace\NARCS_Control\NARCS_Control\Debug\link.4884.read.1.tlog
C:\Work\University\Fourth Year Design Project\Code Workspace\NARCS_Control\NARCS_Control\Debug\link.4884.write.1.tlog
C:\Work\University\Fourth Year Design Project\Code Workspace\NARCS_Control\NARCS_Control\Debug\link.4884-cvtres.read.1.tlog
C:\Work\University\Fourth Year Design Project\Code Workspace\NARCS_Control\NARCS_Control\Debug\link.4884-cvtres.write.1.tlog
C:\Work\University\Fourth Year Design Project\Code Workspace\NARCS_Control\NARCS_Control\Debug\link.command.1.tlog
C:\Work\University\Fourth Year Design Project\Code Workspace\NARCS_Control\NARCS_Control\Debug\link.read.1.tlog
C:\Work\University\Fourth Year Design Project\Code Workspace\NARCS_Control\NARCS_Control\Debug\link.write.1.tlog
C:\Work\University\Fourth Year Design Project\Code Workspace\NARCS_Control\NARCS_Control\Debug\link-cvtres.read.1.tlog
C:\Work\University\Fourth Year Design Project\Code Workspace\NARCS_Control\NARCS_Control\Debug\link-cvtres.write.1.tlog
C:\Work\University\Fourth Year Design Project\Code Workspace\NARCS_Control\NARCS_Control\Debug\mt.command.1.tlog
C:\Work\University\Fourth Year Design Project\Code Workspace\NARCS_Control\NARCS_Control\Debug\mt.read.1.tlog
C:\Work\University\Fourth Year Design Project\Code Workspace\NARCS_Control\NARCS_Control\Debug\mt.write.1.tlog
C:\WORK\UNIVERSITY\FOURTH YEAR DESIGN PROJECT\CODE WORKSPACE\NARCS_CONTROL\NARCS_CONTROL\DEBUG\NARCS.OBJ
C:\WORK\UNIVERSITY\FOURTH YEAR DESIGN PROJECT\CODE WORKSPACE\NARCS_CONTROL\NARCS_CONTROL\DEBUG\NARCS_CONTROL.EXE.EMBED.MANIFEST
C:\WORK\UNIVERSITY\FOURTH YEAR DESIGN PROJECT\CODE WORKSPACE\NARCS_CONTROL\NARCS_CONTROL\DEBUG\NARCS_CONTROL.EXE.EMBED.MANIFEST.RES
C:\WORK\UNIVERSITY\FOURTH YEAR DESIGN PROJECT\CODE WORKSPACE\NARCS_CONTROL\NARCS_CONTROL\DEBUG\NARCS_CONTROL.EXE.INTERMEDIATE.MANIFEST
C:\WORK\UNIVERSITY\FOURTH YEAR DESIGN PROJECT\CODE WORKSPACE\NARCS_CONTROL\NARCS_CONTROL\DEBUG\NARCS_CONTROL.OBJ
C:\WORK\UNIVERSITY\FOURTH YEAR DESIGN PROJECT\CODE WORKSPACE\NARCS_CONTROL\NARCS_CONTROL\DEBUG\NARCS_CONTROL.PCH
C:\Work\University\Fourth Year Design Project\Code Workspace\NARCS_Control\NARCS_Control\Debug\NARCS_Control_manifest.rc
C:\Work\University\Fourth Year Design Project\Code Workspace\NARCS_Control\NARCS_Control\Debug\rc.command.1.tlog
C:\Work\University\Fourth Year Design Project\Code Workspace\NARCS_Control\NARCS_Control\Debug\rc.read.1.tlog
C:\Work\University\Fourth Year Design Project\Code Workspace\NARCS_Control\NARCS_Control\Debug\rc.write.1.tlog
C:\WORK\UNIVERSITY\FOURTH YEAR DESIGN PROJECT\CODE WORKSPACE\NARCS_CONTROL\NARCS_CONTROL\DEBUG\SHAREDMEM.OBJ
C:\WORK\UNIVERSITY\FOURTH YEAR DESIGN PROJECT\CODE WORKSPACE\NARCS_CONTROL\NARCS_CONTROL\DEBUG\STDAFX.OBJ
C:\WORK\UNIVERSITY\FOURTH YEAR DESIGN PROJECT\CODE WORKSPACE\NARCS_CONTROL\NARCS_CONTROL\DEBUG\SYNCHOBJS.OBJ
C:\WORK\UNIVERSITY\FOURTH YEAR DESIGN PROJECT\CODE WORKSPACE\NARCS_CONTROL\NARCS_CONTROL\DEBUG\THREADOBJ.OBJ
C:\Work\University\Fourth Year Design Project\Code Workspace\NARCS_Control\NARCS_Control\Debug\vc100.idb
C:\WORK\UNIVERSITY\FOURTH YEAR DESIGN PROJECT\CODE WORKSPACE\NARCS_CONTROL\NARCS_CONTROL\DEBUG\VC100.PDB
