Build started 07/03/2012 10:56:18 PM.
     1>Project "C:\Users\Tope\Documents\MTE 482\Project\trunk\Arduino_Unmanaged\Arduino_Unmanaged\Arduino_Unmanaged.vcxproj" on node 2 (build target(s)).
     1>InitializeBuildStatus:
         Creating "Debug\Arduino_Unmanaged.unsuccessfulbuild" because "AlwaysCreate" was specified.
       ClCompile:
         All outputs are up-to-date.
         c:\Program Files (x86)\Microsoft Visual Studio 10.0\VC\bin\CL.exe /c /ZI /nologo /W3 /WX- /Od /Oy- /D WIN32 /D _DEBUG /D _CONSOLE /D _UNICODE /D UNICODE /Gm /EHsc /RTC1 /MDd /GS /fp:precise /Zc:wchar_t /Zc:forScope /Yu"StdAfx.h" /Fp"Debug\Arduino_Unmanaged.pch" /Fo"Debug\\" /Fd"Debug\vc100.pdb" /Gd /TP /analyze- /errorReport:prompt Arduino_Unmanaged.cpp
         Arduino_Unmanaged.cpp
       ManifestResourceCompile:
         All outputs are up-to-date.
       Link:
         c:\Program Files (x86)\Microsoft Visual Studio 10.0\VC\bin\link.exe /ERRORREPORT:PROMPT /OUT:"C:\Users\Tope\Documents\MTE 482\Project\trunk\Arduino_Unmanaged\Debug\Arduino_Unmanaged.exe" /INCREMENTAL /NOLOGO kernel32.lib user32.lib gdi32.lib winspool.lib comdlg32.lib advapi32.lib shell32.lib ole32.lib oleaut32.lib uuid.lib odbc32.lib odbccp32.lib /MANIFEST /ManifestFile:"Debug\Arduino_Unmanaged.exe.intermediate.manifest" /MANIFESTUAC:"level='asInvoker' uiAccess='false'" /DEBUG /PDB:"C:\Users\Tope\Documents\MTE 482\Project\trunk\Arduino_Unmanaged\Debug\Arduino_Unmanaged.pdb" /SUBSYSTEM:CONSOLE /TLBID:1 /DYNAMICBASE /NXCOMPAT /IMPLIB:"C:\Users\Tope\Documents\MTE 482\Project\trunk\Arduino_Unmanaged\Debug\Arduino_Unmanaged.lib" /MACHINE:X86 Debug\Arduino_Unmanaged.exe.embed.manifest.res
         Debug\Arduino_Unmanaged.obj
         Debug\stdafx.obj
       Manifest:
         C:\Program Files (x86)\Microsoft SDKs\Windows\v7.0A\bin\mt.exe /nologo /verbose /out:"Debug\Arduino_Unmanaged.exe.embed.manifest" /manifest Debug\Arduino_Unmanaged.exe.intermediate.manifest
         All outputs are up-to-date.
       LinkEmbedManifest:
         All outputs are up-to-date.
         Arduino_Unmanaged.vcxproj -> C:\Users\Tope\Documents\MTE 482\Project\trunk\Arduino_Unmanaged\Debug\Arduino_Unmanaged.exe
       FinalizeBuildStatus:
         Deleting file "Debug\Arduino_Unmanaged.unsuccessfulbuild".
         Touching "Debug\Arduino_Unmanaged.lastbuildstate".
     1>Done Building Project "C:\Users\Tope\Documents\MTE 482\Project\trunk\Arduino_Unmanaged\Arduino_Unmanaged\Arduino_Unmanaged.vcxproj" (build target(s)).

Build succeeded.

Time Elapsed 00:00:03.64
