C:\WORK\UNIVERSITY\FOURTH YEAR DESIGN PROJECT\CODE WORKSPACE\IMU_INTERFACE\CHR INTERFACE\DEBUG\.NETFRAMEWORK,VERSION=V4.0.ASSEMBLYATTRIBUTES.OBJ
C:\WORK\UNIVERSITY\FOURTH YEAR DESIGN PROJECT\CODE WORKSPACE\IMU_INTERFACE\CHR INTERFACE\DEBUG\APP.RES
C:\WORK\UNIVERSITY\FOURTH YEAR DESIGN PROJECT\CODE WORKSPACE\IMU_INTERFACE\CHR INTERFACE\DEBUG\ASSEMBLYINFO.OBJ
C:\WORK\UNIVERSITY\FOURTH YEAR DESIGN PROJECT\CODE WORKSPACE\IMU_INTERFACE\CHR INTERFACE\DEBUG\CHR INTERFACE.EXE.INTERMEDIATE.MANIFEST
C:\WORK\UNIVERSITY\FOURTH YEAR DESIGN PROJECT\CODE WORKSPACE\IMU_INTERFACE\CHR INTERFACE\DEBUG\CHR INTERFACE.OBJ
C:\WORK\UNIVERSITY\FOURTH YEAR DESIGN PROJECT\CODE WORKSPACE\IMU_INTERFACE\CHR INTERFACE\DEBUG\CHR INTERFACE.PCH
C:\Work\University\Fourth Year Design Project\Code Workspace\IMU_Interface\CHR Interface\Debug\CHR Interface.write.1.tlog
C:\WORK\UNIVERSITY\FOURTH YEAR DESIGN PROJECT\CODE WORKSPACE\IMU_INTERFACE\CHR INTERFACE\DEBUG\CHRINTERFACE.DATAGRAPHDIALOG.RESOURCES
C:\WORK\UNIVERSITY\FOURTH YEAR DESIGN PROJECT\CODE WORKSPACE\IMU_INTERFACE\CHR INTERFACE\DEBUG\CHRINTERFACE.FORM1.RESOURCES
C:\WORK\UNIVERSITY\FOURTH YEAR DESIGN PROJECT\CODE WORKSPACE\IMU_INTERFACE\CHR INTERFACE\DEBUG\CHRINTERFACE.PROGRESSVIEW.RESOURCES
C:\Work\University\Fourth Year Design Project\Code Workspace\IMU_Interface\CHR Interface\Debug\cl.command.1.tlog
C:\Work\University\Fourth Year Design Project\Code Workspace\IMU_Interface\CHR Interface\Debug\CL.read.1.tlog
C:\Work\University\Fourth Year Design Project\Code Workspace\IMU_Interface\CHR Interface\Debug\CL.write.1.tlog
C:\WORK\UNIVERSITY\FOURTH YEAR DESIGN PROJECT\CODE WORKSPACE\IMU_INTERFACE\CHR INTERFACE\DEBUG\DATAGRAPHDIALOG.OBJ
C:\WORK\UNIVERSITY\FOURTH YEAR DESIGN PROJECT\CODE WORKSPACE\IMU_INTERFACE\CHR INTERFACE\DEBUG\FIRMWARECOMMAND.OBJ
C:\WORK\UNIVERSITY\FOURTH YEAR DESIGN PROJECT\CODE WORKSPACE\IMU_INTERFACE\CHR INTERFACE\DEBUG\FIRMWAREDEFINITION.OBJ
C:\WORK\UNIVERSITY\FOURTH YEAR DESIGN PROJECT\CODE WORKSPACE\IMU_INTERFACE\CHR INTERFACE\DEBUG\FIRMWAREITEM.OBJ
C:\WORK\UNIVERSITY\FOURTH YEAR DESIGN PROJECT\CODE WORKSPACE\IMU_INTERFACE\CHR INTERFACE\DEBUG\FIRMWAREOPTION.OBJ
C:\WORK\UNIVERSITY\FOURTH YEAR DESIGN PROJECT\CODE WORKSPACE\IMU_INTERFACE\CHR INTERFACE\DEBUG\FIRMWAREREGISTER.OBJ
C:\Work\University\Fourth Year Design Project\Code Workspace\IMU_Interface\CHR Interface\Debug\GenerateResource.read.1.tlog
C:\Work\University\Fourth Year Design Project\Code Workspace\IMU_Interface\CHR Interface\Debug\GenerateResource.write.1.tlog
C:\WORK\UNIVERSITY\FOURTH YEAR DESIGN PROJECT\CODE WORKSPACE\IMU_INTERFACE\CHR INTERFACE\DEBUG\HEXENTRY.OBJ
C:\Work\University\Fourth Year Design Project\Code Workspace\IMU_Interface\CHR Interface\Debug\link.1460.read.1.tlog
C:\Work\University\Fourth Year Design Project\Code Workspace\IMU_Interface\CHR Interface\Debug\link.1460.write.1.tlog
C:\Work\University\Fourth Year Design Project\Code Workspace\IMU_Interface\CHR Interface\Debug\link.1460-cvtres.read.1.tlog
C:\Work\University\Fourth Year Design Project\Code Workspace\IMU_Interface\CHR Interface\Debug\link.1460-cvtres.write.1.tlog
C:\Work\University\Fourth Year Design Project\Code Workspace\IMU_Interface\CHR Interface\Debug\link.1912.read.1.tlog
C:\Work\University\Fourth Year Design Project\Code Workspace\IMU_Interface\CHR Interface\Debug\link.1912.write.1.tlog
C:\Work\University\Fourth Year Design Project\Code Workspace\IMU_Interface\CHR Interface\Debug\link.1912-cvtres.read.1.tlog
C:\Work\University\Fourth Year Design Project\Code Workspace\IMU_Interface\CHR Interface\Debug\link.1912-cvtres.write.1.tlog
C:\Work\University\Fourth Year Design Project\Code Workspace\IMU_Interface\CHR Interface\Debug\link.2520.read.1.tlog
C:\Work\University\Fourth Year Design Project\Code Workspace\IMU_Interface\CHR Interface\Debug\link.2520.write.1.tlog
C:\Work\University\Fourth Year Design Project\Code Workspace\IMU_Interface\CHR Interface\Debug\link.2520-cvtres.read.1.tlog
C:\Work\University\Fourth Year Design Project\Code Workspace\IMU_Interface\CHR Interface\Debug\link.2520-cvtres.write.1.tlog
C:\Work\University\Fourth Year Design Project\Code Workspace\IMU_Interface\CHR Interface\Debug\link.2752.read.1.tlog
C:\Work\University\Fourth Year Design Project\Code Workspace\IMU_Interface\CHR Interface\Debug\link.2752.write.1.tlog
C:\Work\University\Fourth Year Design Project\Code Workspace\IMU_Interface\CHR Interface\Debug\link.2752-cvtres.read.1.tlog
C:\Work\University\Fourth Year Design Project\Code Workspace\IMU_Interface\CHR Interface\Debug\link.2752-cvtres.write.1.tlog
C:\Work\University\Fourth Year Design Project\Code Workspace\IMU_Interface\CHR Interface\Debug\link.2812.read.1.tlog
C:\Work\University\Fourth Year Design Project\Code Workspace\IMU_Interface\CHR Interface\Debug\link.2812.write.1.tlog
C:\Work\University\Fourth Year Design Project\Code Workspace\IMU_Interface\CHR Interface\Debug\link.2812-cvtres.read.1.tlog
C:\Work\University\Fourth Year Design Project\Code Workspace\IMU_Interface\CHR Interface\Debug\link.2812-cvtres.write.1.tlog
C:\Work\University\Fourth Year Design Project\Code Workspace\IMU_Interface\CHR Interface\Debug\link.2988.read.1.tlog
C:\Work\University\Fourth Year Design Project\Code Workspace\IMU_Interface\CHR Interface\Debug\link.2988.write.1.tlog
C:\Work\University\Fourth Year Design Project\Code Workspace\IMU_Interface\CHR Interface\Debug\link.2988-cvtres.read.1.tlog
C:\Work\University\Fourth Year Design Project\Code Workspace\IMU_Interface\CHR Interface\Debug\link.2988-cvtres.write.1.tlog
C:\Work\University\Fourth Year Design Project\Code Workspace\IMU_Interface\CHR Interface\Debug\link.3236.read.1.tlog
C:\Work\University\Fourth Year Design Project\Code Workspace\IMU_Interface\CHR Interface\Debug\link.3236.write.1.tlog
C:\Work\University\Fourth Year Design Project\Code Workspace\IMU_Interface\CHR Interface\Debug\link.3236-cvtres.read.1.tlog
C:\Work\University\Fourth Year Design Project\Code Workspace\IMU_Interface\CHR Interface\Debug\link.3236-cvtres.write.1.tlog
C:\Work\University\Fourth Year Design Project\Code Workspace\IMU_Interface\CHR Interface\Debug\link.3600.read.1.tlog
C:\Work\University\Fourth Year Design Project\Code Workspace\IMU_Interface\CHR Interface\Debug\link.3600.write.1.tlog
C:\Work\University\Fourth Year Design Project\Code Workspace\IMU_Interface\CHR Interface\Debug\link.3600-cvtres.read.1.tlog
C:\Work\University\Fourth Year Design Project\Code Workspace\IMU_Interface\CHR Interface\Debug\link.3600-cvtres.write.1.tlog
C:\Work\University\Fourth Year Design Project\Code Workspace\IMU_Interface\CHR Interface\Debug\link.3844.read.1.tlog
C:\Work\University\Fourth Year Design Project\Code Workspace\IMU_Interface\CHR Interface\Debug\link.3844.write.1.tlog
C:\Work\University\Fourth Year Design Project\Code Workspace\IMU_Interface\CHR Interface\Debug\link.3844-cvtres.read.1.tlog
C:\Work\University\Fourth Year Design Project\Code Workspace\IMU_Interface\CHR Interface\Debug\link.3844-cvtres.write.1.tlog
C:\Work\University\Fourth Year Design Project\Code Workspace\IMU_Interface\CHR Interface\Debug\link.3984.read.1.tlog
C:\Work\University\Fourth Year Design Project\Code Workspace\IMU_Interface\CHR Interface\Debug\link.3984.write.1.tlog
C:\Work\University\Fourth Year Design Project\Code Workspace\IMU_Interface\CHR Interface\Debug\link.3984-cvtres.read.1.tlog
C:\Work\University\Fourth Year Design Project\Code Workspace\IMU_Interface\CHR Interface\Debug\link.3984-cvtres.write.1.tlog
C:\Work\University\Fourth Year Design Project\Code Workspace\IMU_Interface\CHR Interface\Debug\link.4016.read.1.tlog
C:\Work\University\Fourth Year Design Project\Code Workspace\IMU_Interface\CHR Interface\Debug\link.4016.write.1.tlog
C:\Work\University\Fourth Year Design Project\Code Workspace\IMU_Interface\CHR Interface\Debug\link.4016-cvtres.read.1.tlog
C:\Work\University\Fourth Year Design Project\Code Workspace\IMU_Interface\CHR Interface\Debug\link.4016-cvtres.write.1.tlog
C:\Work\University\Fourth Year Design Project\Code Workspace\IMU_Interface\CHR Interface\Debug\link.4056.read.1.tlog
C:\Work\University\Fourth Year Design Project\Code Workspace\IMU_Interface\CHR Interface\Debug\link.4056.write.1.tlog
C:\Work\University\Fourth Year Design Project\Code Workspace\IMU_Interface\CHR Interface\Debug\link.4056-cvtres.read.1.tlog
C:\Work\University\Fourth Year Design Project\Code Workspace\IMU_Interface\CHR Interface\Debug\link.4056-cvtres.write.1.tlog
C:\Work\University\Fourth Year Design Project\Code Workspace\IMU_Interface\CHR Interface\Debug\link.4120.read.1.tlog
C:\Work\University\Fourth Year Design Project\Code Workspace\IMU_Interface\CHR Interface\Debug\link.4120.write.1.tlog
C:\Work\University\Fourth Year Design Project\Code Workspace\IMU_Interface\CHR Interface\Debug\link.4120-cvtres.read.1.tlog
C:\Work\University\Fourth Year Design Project\Code Workspace\IMU_Interface\CHR Interface\Debug\link.4120-cvtres.write.1.tlog
C:\Work\University\Fourth Year Design Project\Code Workspace\IMU_Interface\CHR Interface\Debug\link.4224.read.1.tlog
C:\Work\University\Fourth Year Design Project\Code Workspace\IMU_Interface\CHR Interface\Debug\link.4224.write.1.tlog
C:\Work\University\Fourth Year Design Project\Code Workspace\IMU_Interface\CHR Interface\Debug\link.4224-cvtres.read.1.tlog
C:\Work\University\Fourth Year Design Project\Code Workspace\IMU_Interface\CHR Interface\Debug\link.4224-cvtres.write.1.tlog
C:\Work\University\Fourth Year Design Project\Code Workspace\IMU_Interface\CHR Interface\Debug\link.4552.read.1.tlog
C:\Work\University\Fourth Year Design Project\Code Workspace\IMU_Interface\CHR Interface\Debug\link.4552.write.1.tlog
C:\Work\University\Fourth Year Design Project\Code Workspace\IMU_Interface\CHR Interface\Debug\link.4552-cvtres.read.1.tlog
C:\Work\University\Fourth Year Design Project\Code Workspace\IMU_Interface\CHR Interface\Debug\link.4552-cvtres.write.1.tlog
C:\Work\University\Fourth Year Design Project\Code Workspace\IMU_Interface\CHR Interface\Debug\link.4700.read.1.tlog
C:\Work\University\Fourth Year Design Project\Code Workspace\IMU_Interface\CHR Interface\Debug\link.4700.write.1.tlog
C:\Work\University\Fourth Year Design Project\Code Workspace\IMU_Interface\CHR Interface\Debug\link.4700-cvtres.read.1.tlog
C:\Work\University\Fourth Year Design Project\Code Workspace\IMU_Interface\CHR Interface\Debug\link.4700-cvtres.write.1.tlog
C:\Work\University\Fourth Year Design Project\Code Workspace\IMU_Interface\CHR Interface\Debug\link.5092.read.1.tlog
C:\Work\University\Fourth Year Design Project\Code Workspace\IMU_Interface\CHR Interface\Debug\link.5092.write.1.tlog
C:\Work\University\Fourth Year Design Project\Code Workspace\IMU_Interface\CHR Interface\Debug\link.5092-cvtres.read.1.tlog
C:\Work\University\Fourth Year Design Project\Code Workspace\IMU_Interface\CHR Interface\Debug\link.5092-cvtres.write.1.tlog
C:\Work\University\Fourth Year Design Project\Code Workspace\IMU_Interface\CHR Interface\Debug\link.5188.read.1.tlog
C:\Work\University\Fourth Year Design Project\Code Workspace\IMU_Interface\CHR Interface\Debug\link.5188.write.1.tlog
C:\Work\University\Fourth Year Design Project\Code Workspace\IMU_Interface\CHR Interface\Debug\link.5188-cvtres.read.1.tlog
C:\Work\University\Fourth Year Design Project\Code Workspace\IMU_Interface\CHR Interface\Debug\link.5188-cvtres.write.1.tlog
C:\Work\University\Fourth Year Design Project\Code Workspace\IMU_Interface\CHR Interface\Debug\link.5216.read.1.tlog
C:\Work\University\Fourth Year Design Project\Code Workspace\IMU_Interface\CHR Interface\Debug\link.5216.write.1.tlog
C:\Work\University\Fourth Year Design Project\Code Workspace\IMU_Interface\CHR Interface\Debug\link.5216-cvtres.read.1.tlog
C:\Work\University\Fourth Year Design Project\Code Workspace\IMU_Interface\CHR Interface\Debug\link.5216-cvtres.write.1.tlog
C:\Work\University\Fourth Year Design Project\Code Workspace\IMU_Interface\CHR Interface\Debug\link.5232.read.1.tlog
C:\Work\University\Fourth Year Design Project\Code Workspace\IMU_Interface\CHR Interface\Debug\link.5232.write.1.tlog
C:\Work\University\Fourth Year Design Project\Code Workspace\IMU_Interface\CHR Interface\Debug\link.5232-cvtres.read.1.tlog
C:\Work\University\Fourth Year Design Project\Code Workspace\IMU_Interface\CHR Interface\Debug\link.5232-cvtres.write.1.tlog
C:\Work\University\Fourth Year Design Project\Code Workspace\IMU_Interface\CHR Interface\Debug\link.5264.read.1.tlog
C:\Work\University\Fourth Year Design Project\Code Workspace\IMU_Interface\CHR Interface\Debug\link.5264.write.1.tlog
C:\Work\University\Fourth Year Design Project\Code Workspace\IMU_Interface\CHR Interface\Debug\link.5264-cvtres.read.1.tlog
C:\Work\University\Fourth Year Design Project\Code Workspace\IMU_Interface\CHR Interface\Debug\link.5264-cvtres.write.1.tlog
C:\Work\University\Fourth Year Design Project\Code Workspace\IMU_Interface\CHR Interface\Debug\link.5476.read.1.tlog
C:\Work\University\Fourth Year Design Project\Code Workspace\IMU_Interface\CHR Interface\Debug\link.5476.write.1.tlog
C:\Work\University\Fourth Year Design Project\Code Workspace\IMU_Interface\CHR Interface\Debug\link.5476-cvtres.read.1.tlog
C:\Work\University\Fourth Year Design Project\Code Workspace\IMU_Interface\CHR Interface\Debug\link.5476-cvtres.write.1.tlog
C:\Work\University\Fourth Year Design Project\Code Workspace\IMU_Interface\CHR Interface\Debug\link.5564.read.1.tlog
C:\Work\University\Fourth Year Design Project\Code Workspace\IMU_Interface\CHR Interface\Debug\link.5564.write.1.tlog
C:\Work\University\Fourth Year Design Project\Code Workspace\IMU_Interface\CHR Interface\Debug\link.5564-cvtres.read.1.tlog
C:\Work\University\Fourth Year Design Project\Code Workspace\IMU_Interface\CHR Interface\Debug\link.5564-cvtres.write.1.tlog
C:\Work\University\Fourth Year Design Project\Code Workspace\IMU_Interface\CHR Interface\Debug\link.5588.read.1.tlog
C:\Work\University\Fourth Year Design Project\Code Workspace\IMU_Interface\CHR Interface\Debug\link.5588.write.1.tlog
C:\Work\University\Fourth Year Design Project\Code Workspace\IMU_Interface\CHR Interface\Debug\link.5588-cvtres.read.1.tlog
C:\Work\University\Fourth Year Design Project\Code Workspace\IMU_Interface\CHR Interface\Debug\link.5588-cvtres.write.1.tlog
C:\Work\University\Fourth Year Design Project\Code Workspace\IMU_Interface\CHR Interface\Debug\link.5736.read.1.tlog
C:\Work\University\Fourth Year Design Project\Code Workspace\IMU_Interface\CHR Interface\Debug\link.5736.write.1.tlog
C:\Work\University\Fourth Year Design Project\Code Workspace\IMU_Interface\CHR Interface\Debug\link.5736-cvtres.read.1.tlog
C:\Work\University\Fourth Year Design Project\Code Workspace\IMU_Interface\CHR Interface\Debug\link.5736-cvtres.write.1.tlog
C:\Work\University\Fourth Year Design Project\Code Workspace\IMU_Interface\CHR Interface\Debug\link.5740.read.1.tlog
C:\Work\University\Fourth Year Design Project\Code Workspace\IMU_Interface\CHR Interface\Debug\link.5740.write.1.tlog
C:\Work\University\Fourth Year Design Project\Code Workspace\IMU_Interface\CHR Interface\Debug\link.5740-cvtres.read.1.tlog
C:\Work\University\Fourth Year Design Project\Code Workspace\IMU_Interface\CHR Interface\Debug\link.5740-cvtres.write.1.tlog
C:\Work\University\Fourth Year Design Project\Code Workspace\IMU_Interface\CHR Interface\Debug\link.5796.read.1.tlog
C:\Work\University\Fourth Year Design Project\Code Workspace\IMU_Interface\CHR Interface\Debug\link.5796.write.1.tlog
C:\Work\University\Fourth Year Design Project\Code Workspace\IMU_Interface\CHR Interface\Debug\link.5796-cvtres.read.1.tlog
C:\Work\University\Fourth Year Design Project\Code Workspace\IMU_Interface\CHR Interface\Debug\link.5796-cvtres.write.1.tlog
C:\Work\University\Fourth Year Design Project\Code Workspace\IMU_Interface\CHR Interface\Debug\link.5928.read.1.tlog
C:\Work\University\Fourth Year Design Project\Code Workspace\IMU_Interface\CHR Interface\Debug\link.5928.write.1.tlog
C:\Work\University\Fourth Year Design Project\Code Workspace\IMU_Interface\CHR Interface\Debug\link.5928-cvtres.read.1.tlog
C:\Work\University\Fourth Year Design Project\Code Workspace\IMU_Interface\CHR Interface\Debug\link.5928-cvtres.write.1.tlog
C:\Work\University\Fourth Year Design Project\Code Workspace\IMU_Interface\CHR Interface\Debug\link.6040.read.1.tlog
C:\Work\University\Fourth Year Design Project\Code Workspace\IMU_Interface\CHR Interface\Debug\link.6040.write.1.tlog
C:\Work\University\Fourth Year Design Project\Code Workspace\IMU_Interface\CHR Interface\Debug\link.6040-cvtres.read.1.tlog
C:\Work\University\Fourth Year Design Project\Code Workspace\IMU_Interface\CHR Interface\Debug\link.6040-cvtres.write.1.tlog
C:\Work\University\Fourth Year Design Project\Code Workspace\IMU_Interface\CHR Interface\Debug\link.6104.read.1.tlog
C:\Work\University\Fourth Year Design Project\Code Workspace\IMU_Interface\CHR Interface\Debug\link.6104.write.1.tlog
C:\Work\University\Fourth Year Design Project\Code Workspace\IMU_Interface\CHR Interface\Debug\link.6104-cvtres.read.1.tlog
C:\Work\University\Fourth Year Design Project\Code Workspace\IMU_Interface\CHR Interface\Debug\link.6104-cvtres.write.1.tlog
C:\Work\University\Fourth Year Design Project\Code Workspace\IMU_Interface\CHR Interface\Debug\link.command.1.tlog
C:\Work\University\Fourth Year Design Project\Code Workspace\IMU_Interface\CHR Interface\Debug\link.read.1.tlog
C:\Work\University\Fourth Year Design Project\Code Workspace\IMU_Interface\CHR Interface\Debug\link.write.1.tlog
C:\Work\University\Fourth Year Design Project\Code Workspace\IMU_Interface\CHR Interface\Debug\mt.command.1.tlog
C:\Work\University\Fourth Year Design Project\Code Workspace\IMU_Interface\CHR Interface\Debug\mt.read.1.tlog
C:\Work\University\Fourth Year Design Project\Code Workspace\IMU_Interface\CHR Interface\Debug\mt.write.1.tlog
C:\WORK\UNIVERSITY\FOURTH YEAR DESIGN PROJECT\CODE WORKSPACE\IMU_INTERFACE\CHR INTERFACE\DEBUG\PROGRESSVIEW.OBJ
C:\Work\University\Fourth Year Design Project\Code Workspace\IMU_Interface\CHR Interface\Debug\rc.command.1.tlog
C:\Work\University\Fourth Year Design Project\Code Workspace\IMU_Interface\CHR Interface\Debug\rc.read.1.tlog
C:\Work\University\Fourth Year Design Project\Code Workspace\IMU_Interface\CHR Interface\Debug\rc.write.1.tlog
C:\Work\University\Fourth Year Design Project\Code Workspace\IMU_Interface\CHR Interface\Debug\ResolveAssemblyReference.cache
C:\WORK\UNIVERSITY\FOURTH YEAR DESIGN PROJECT\CODE WORKSPACE\IMU_INTERFACE\CHR INTERFACE\DEBUG\SERIALCONNECTOR.OBJ
C:\WORK\UNIVERSITY\FOURTH YEAR DESIGN PROJECT\CODE WORKSPACE\IMU_INTERFACE\CHR INTERFACE\DEBUG\SERIALPACKET.OBJ
C:\WORK\UNIVERSITY\FOURTH YEAR DESIGN PROJECT\CODE WORKSPACE\IMU_INTERFACE\CHR INTERFACE\DEBUG\SHAREDMEM.OBJ
C:\WORK\UNIVERSITY\FOURTH YEAR DESIGN PROJECT\CODE WORKSPACE\IMU_INTERFACE\CHR INTERFACE\DEBUG\SHAREDMEMWRAPPER.OBJ
C:\WORK\UNIVERSITY\FOURTH YEAR DESIGN PROJECT\CODE WORKSPACE\IMU_INTERFACE\CHR INTERFACE\DEBUG\STDAFX.OBJ
C:\WORK\UNIVERSITY\FOURTH YEAR DESIGN PROJECT\CODE WORKSPACE\IMU_INTERFACE\CHR INTERFACE\DEBUG\STM32PROGRAMMER.OBJ
C:\WORK\UNIVERSITY\FOURTH YEAR DESIGN PROJECT\CODE WORKSPACE\IMU_INTERFACE\CHR INTERFACE\DEBUG\SYNCHOBJS.OBJ
C:\WORK\UNIVERSITY\FOURTH YEAR DESIGN PROJECT\CODE WORKSPACE\IMU_INTERFACE\CHR INTERFACE\DEBUG\SYNCOBJSWRAPPER.OBJ
C:\WORK\UNIVERSITY\FOURTH YEAR DESIGN PROJECT\CODE WORKSPACE\IMU_INTERFACE\CHR INTERFACE\DEBUG\UNMANAGEDCLASSHANDLING.OBJ
C:\WORK\UNIVERSITY\FOURTH YEAR DESIGN PROJECT\CODE WORKSPACE\IMU_INTERFACE\CHR INTERFACE\DEBUG\VC100.PDB
C:\WORK\UNIVERSITY\FOURTH YEAR DESIGN PROJECT\CODE WORKSPACE\IMU_INTERFACE\DEBUG\CHR INTERFACE.EXE
C:\WORK\UNIVERSITY\FOURTH YEAR DESIGN PROJECT\CODE WORKSPACE\IMU_INTERFACE\DEBUG\CHR INTERFACE.ILK
C:\WORK\UNIVERSITY\FOURTH YEAR DESIGN PROJECT\CODE WORKSPACE\IMU_INTERFACE\DEBUG\CHR INTERFACE.PDB
C:\Work\University\Fourth Year Design Project\Code Workspace\IMU_Interface\Debug\GeneralMatrix.dll
C:\Work\University\Fourth Year Design Project\Code Workspace\IMU_Interface\Debug\StopWatch.dll
C:\Work\University\Fourth Year Design Project\Code Workspace\IMU_Interface\Debug\StopWatch.pdb
C:\Work\University\Fourth Year Design Project\Code Workspace\IMU_Interface\Debug\ZedGraph.dll
